# JRE version: Java(TM) SE Runtime Environment (8.0_261-b12) (build 1.8.0_261-b12)
# Java VM: Java HotSpot(TM) 64-Bit Server VM (25.261-b12 mixed mode linux-amd64 compressed oops)
Heap:
 PSYoungGen      total 1221632K, used 210399K [0x0000000718580000, 0x00000007bee80000, 0x00000007c0000000)
  eden space 915968K, 0% used [0x0000000718580000,0x0000000718580000,0x0000000750400000)
  from space 305664K, 68% used [0x0000000750400000,0x000000075d177e00,0x0000000762e80000)
  to   space 902144K, 0% used [0x0000000787d80000,0x0000000787d80000,0x00000007bee80000)
 ParOldGen       total 3603456K, used 3603128K [0x00000005c9000000, 0x00000006a4f00000, 0x0000000718580000)
  object space 3603456K, 99% used [0x00000005c9000000,0x00000006a4eae100,0x00000006a4f00000)
 Metaspace       used 13700K, capacity 14054K, committed 14336K, reserved 1062912K
  class space    used 1593K, capacity 1691K, committed 1792K, reserved 1048576K
GC Heap History (10 events):
Event: 105.212 GC heap after
Heap after GC invocations=18 (full 4):
 PSYoungGen      total 1831424K, used 318769K [0x0000000718580000, 0x00000007bfc00000, 0x00000007c0000000)
  eden space 915968K, 0% used [0x0000000718580000,0x0000000718580000,0x0000000750400000)
  from space 915456K, 34% used [0x0000000750400000,0x0000000763b4c518,0x0000000788200000)
  to   space 903168K, 0% used [0x0000000788a00000,0x0000000788a00000,0x00000007bfc00000)
 ParOldGen       total 3603456K, used 2280235K [0x00000005c9000000, 0x00000006a4f00000, 0x0000000718580000)
  object space 3603456K, 63% used [0x00000005c9000000,0x00000006542caf50,0x00000006a4f00000)
 Metaspace       used 13700K, capacity 14054K, committed 14336K, reserved 1062912K
  class space    used 1593K, capacity 1691K, committed 1792K, reserved 1048576K
}
Event: 107.307 GC heap before
{Heap before GC invocations=19 (full 4):
 PSYoungGen      total 1831424K, used 1234737K [0x0000000718580000, 0x00000007bfc00000, 0x00000007c0000000)
  eden space 915968K, 100% used [0x0000000718580000,0x0000000750400000,0x0000000750400000)
  from space 915456K, 34% used [0x0000000750400000,0x0000000763b4c518,0x0000000788200000)
  to   space 903168K, 0% used [0x0000000788a00000,0x0000000788a00000,0x00000007bfc00000)
 ParOldGen       total 3603456K, used 2280235K [0x00000005c9000000, 0x00000006a4f00000, 0x0000000718580000)
  object space 3603456K, 63% used [0x00000005c9000000,0x00000006542caf50,0x00000006a4f00000)
 Metaspace       used 13700K, capacity 14054K, committed 14336K, reserved 1062912K
  class space    used 1593K, capacity 1691K, committed 1792K, reserved 1048576K
Event: 107.530 GC heap after
Heap after GC invocations=19 (full 4):
 PSYoungGen      total 1819136K, used 630513K [0x0000000718580000, 0x00000007c0000000, 0x00000007c0000000)
  eden space 915968K, 0% used [0x0000000718580000,0x0000000718580000,0x0000000750400000)
  from space 903168K, 69% used [0x0000000788a00000,0x00000007af1bc518,0x00000007bfc00000)
  to   space 915456K, 0% used [0x0000000750400000,0x0000000750400000,0x0000000788200000)
 ParOldGen       total 3603456K, used 2280235K [0x00000005c9000000, 0x00000006a4f00000, 0x0000000718580000)
  object space 3603456K, 63% used [0x00000005c9000000,0x00000006542caf50,0x00000006a4f00000)
 Metaspace       used 13700K, capacity 14054K, committed 14336K, reserved 1062912K
  class space    used 1593K, capacity 1691K, committed 1792K, reserved 1048576K
}
Event: 110.086 GC heap before
{Heap before GC invocations=20 (full 4):
 PSYoungGen      total 1819136K, used 1546481K [0x0000000718580000, 0x00000007c0000000, 0x00000007c0000000)
  eden space 915968K, 100% used [0x0000000718580000,0x0000000750400000,0x0000000750400000)
  from space 903168K, 69% used [0x0000000788a00000,0x00000007af1bc518,0x00000007bfc00000)
  to   space 915456K, 0% used [0x0000000750400000,0x0000000750400000,0x0000000788200000)
 ParOldGen       total 3603456K, used 2280235K [0x00000005c9000000, 0x00000006a4f00000, 0x0000000718580000)
  object space 3603456K, 63% used [0x00000005c9000000,0x00000006542caf50,0x00000006a4f00000)
 Metaspace       used 13700K, capacity 14054K, committed 14336K, reserved 1062912K
  class space    used 1593K, capacity 1691K, committed 1792K, reserved 1048576K
Event: 110.541 GC heap after
Heap after GC invocations=20 (full 4):
 PSYoungGen      total 1831424K, used 304704K [0x0000000718580000, 0x00000007bfb00000, 0x00000007c0000000)
  eden space 915968K, 0% used [0x0000000718580000,0x0000000718580000,0x0000000750400000)
  from space 915456K, 33% used [0x0000000750400000,0x0000000762d90000,0x0000000788200000)
  to   space 906752K, 0% used [0x0000000788580000,0x0000000788580000,0x00000007bfb00000)
 ParOldGen       total 3603456K, used 2937101K [0x00000005c9000000, 0x00000006a4f00000, 0x0000000718580000)
  object space 3603456K, 81% used [0x00000005c9000000,0x000000067c443468,0x00000006a4f00000)
 Metaspace       used 13700K, capacity 14054K, committed 14336K, reserved 1062912K
  class space    used 1593K, capacity 1691K, committed 1792K, reserved 1048576K
}
Event: 113.365 GC heap before
{Heap before GC invocations=21 (full 4):
 PSYoungGen      total 1831424K, used 1220672K [0x0000000718580000, 0x00000007bfb00000, 0x00000007c0000000)
  eden space 915968K, 100% used [0x0000000718580000,0x0000000750400000,0x0000000750400000)
  from space 915456K, 33% used [0x0000000750400000,0x0000000762d90000,0x0000000788200000)
  to   space 906752K, 0% used [0x0000000788580000,0x0000000788580000,0x00000007bfb00000)
 ParOldGen       total 3603456K, used 2937101K [0x00000005c9000000, 0x00000006a4f00000, 0x0000000718580000)
  object space 3603456K, 81% used [0x00000005c9000000,0x000000067c443468,0x00000006a4f00000)
 Metaspace       used 13700K, capacity 14054K, committed 14336K, reserved 1062912K
  class space    used 1593K, capacity 1691K, committed 1792K, reserved 1048576K
Event: 113.717 GC heap after
Heap after GC invocations=21 (full 4):
 PSYoungGen      total 1822720K, used 609024K [0x0000000718580000, 0x00000007c0000000, 0x00000007c0000000)
  eden space 915968K, 0% used [0x0000000718580000,0x0000000718580000,0x0000000750400000)
  from space 906752K, 67% used [0x0000000788580000,0x00000007ad840000,0x00000007bfb00000)
  to   space 915456K, 0% used [0x0000000750400000,0x0000000750400000,0x0000000788200000)
 ParOldGen       total 3603456K, used 2937101K [0x00000005c9000000, 0x00000006a4f00000, 0x0000000718580000)
  object space 3603456K, 81% used [0x00000005c9000000,0x000000067c443468,0x00000006a4f00000)
 Metaspace       used 13700K, capacity 14054K, committed 14336K, reserved 1062912K
  class space    used 1593K, capacity 1691K, committed 1792K, reserved 1048576K
}
Event: 116.331 GC heap before
{Heap before GC invocations=22 (full 4):
 PSYoungGen      total 1822720K, used 1524992K [0x0000000718580000, 0x00000007c0000000, 0x00000007c0000000)
  eden space 915968K, 100% used [0x0000000718580000,0x0000000750400000,0x0000000750400000)
  from space 906752K, 67% used [0x0000000788580000,0x00000007ad840000,0x00000007bfb00000)
  to   space 915456K, 0% used [0x0000000750400000,0x0000000750400000,0x0000000788200000)
 ParOldGen       total 3603456K, used 2937101K [0x00000005c9000000, 0x00000006a4f00000, 0x0000000718580000)
  object space 3603456K, 81% used [0x00000005c9000000,0x000000067c443468,0x00000006a4f00000)
 Metaspace       used 13700K, capacity 14054K, committed 14336K, reserved 1062912K
  class space    used 1593K, capacity 1691K, committed 1792K, reserved 1048576K
Event: 117.115 GC heap after
Heap after GC invocations=22 (full 4):
 PSYoungGen      total 1221632K, used 305472K [0x0000000718580000, 0x00000007bee80000, 0x00000007c0000000)
  eden space 915968K, 0% used [0x0000000718580000,0x0000000718580000,0x0000000750400000)
  from space 305664K, 99% used [0x0000000750400000,0x0000000762e50000,0x0000000762e80000)
  to   space 902144K, 0% used [0x0000000787d80000,0x0000000787d80000,0x00000007bee80000)
 ParOldGen       total 3603456K, used 3554573K [0x00000005c9000000, 0x00000006a4f00000, 0x0000000718580000)
  object space 3603456K, 98% used [0x00000005c9000000,0x00000006a1f43468,0x00000006a4f00000)
 Metaspace       used 13700K, capacity 14054K, committed 14336K, reserved 1062912K
  class space    used 1593K, capacity 1691K, committed 1792K, reserved 1048576K
}
Event: 117.115 GC heap before
{Heap before GC invocations=23 (full 5):
 PSYoungGen      total 1221632K, used 305472K [0x0000000718580000, 0x00000007bee80000, 0x00000007c0000000)
  eden space 915968K, 0% used [0x0000000718580000,0x0000000718580000,0x0000000750400000)
  from space 305664K, 99% used [0x0000000750400000,0x0000000762e50000,0x0000000762e80000)
  to   space 902144K, 0% used [0x0000000787d80000,0x0000000787d80000,0x00000007bee80000)
 ParOldGen       total 3603456K, used 3554573K [0x00000005c9000000, 0x00000006a4f00000, 0x0000000718580000)
  object space 3603456K, 98% used [0x00000005c9000000,0x00000006a1f43468,0x00000006a4f00000)
 Metaspace       used 13700K, capacity 14054K, committed 14336K, reserved 1062912K
  class space    used 1593K, capacity 1691K, committed 1792K, reserved 1048576K

